10854:C 10 Jan 14:44:18.186 # Warning: no config file specified, using the default config. In order to specify a config file use redis-server /path/to/redis.conf
10854:M 10 Jan 14:44:18.188 * Increased maximum number of open files to 10032 (it was originally set to 4864).
                _._                                                  
           _.-``__ ''-._                                             
      _.-``    `.  `_.  ''-._           Redis 3.2.8 (00000000/0) 64 bit
  .-`` .-```.  ```\/    _.,_ ''-._                                   
 (    '      ,       .-`  | `,    )     Running in standalone mode
 |`-._`-...-` __...-.``-._|'` _.-'|     Port: 6379
 |    `-._   `._    /     _.-'    |     PID: 10854
  `-._    `-._  `-./  _.-'    _.-'                                   
 |`-._`-._    `-.__.-'    _.-'_.-'|                                  
 |    `-._`-._        _.-'_.-'    |           http://redis.io        
  `-._    `-._`-.__.-'_.-'    _.-'                                   
 |`-._`-._    `-.__.-'    _.-'_.-'|                                  
 |    `-._`-._        _.-'_.-'    |                                  
  `-._    `-._`-.__.-'_.-'    _.-'                                   
      `-._    `-.__.-'    _.-'                                       
          `-._        _.-'                                           
              `-.__.-'                                               

10854:M 10 Jan 14:44:18.192 # Server started, Redis version 3.2.8
10854:M 10 Jan 14:44:18.193 * DB loaded from disk: 0.001 seconds
10854:M 10 Jan 14:44:18.193 * The server is now ready to accept connections on port 6379
10854:M 10 Jan 15:44:19.006 * 1 changes in 3600 seconds. Saving...
10854:M 10 Jan 15:44:19.006 * Background saving started by pid 10960
10960:C 10 Jan 15:44:19.011 * DB saved on disk
10854:M 10 Jan 15:44:19.114 * Background saving terminated with success
10854:M 10 Jan 16:44:20.030 * 1 changes in 3600 seconds. Saving...
10854:M 10 Jan 16:44:20.031 * Background saving started by pid 11287
11287:C 10 Jan 16:44:20.035 * DB saved on disk
10854:M 10 Jan 16:44:20.132 * Background saving terminated with success
10854:M 10 Jan 17:44:21.066 * 1 changes in 3600 seconds. Saving...
10854:M 10 Jan 17:44:21.066 * Background saving started by pid 13059
13059:C 10 Jan 17:44:21.069 * DB saved on disk
10854:M 10 Jan 17:44:21.171 * Background saving terminated with success
10854:M 10 Jan 18:44:22.006 * 1 changes in 3600 seconds. Saving...
10854:M 10 Jan 18:44:22.006 * Background saving started by pid 13250
13250:C 10 Jan 18:44:22.009 * DB saved on disk
10854:M 10 Jan 18:44:22.111 * Background saving terminated with success
10854:M 11 Jan 17:34:14.989 * 1 changes in 3600 seconds. Saving...
10854:M 11 Jan 17:34:14.990 * Background saving started by pid 15313
15313:C 11 Jan 17:34:14.994 * DB saved on disk
10854:M 11 Jan 17:34:15.095 * Background saving terminated with success
10854:M 11 Jan 19:29:28.396 * 1 changes in 3600 seconds. Saving...
10854:M 11 Jan 19:29:28.399 * Background saving started by pid 15501
15501:C 11 Jan 19:29:28.401 * DB saved on disk
10854:M 11 Jan 19:29:28.502 * Background saving terminated with success
10854:M 11 Jan 22:35:23.662 * 1 changes in 3600 seconds. Saving...
10854:M 11 Jan 22:35:23.664 * Background saving started by pid 15900
15900:C 11 Jan 22:35:23.666 * DB saved on disk
10854:M 11 Jan 22:35:23.765 * Background saving terminated with success
